<?xml version="1.0" encoding="UTF-8"?>
<testsuite name="ParseTemplateTest" time="0.177" tests="1" errors="1" skipped="0" failures="0">
  <properties>
[...]
</properties>
  <testcase name="simpleTest" classname="ParseTemplateTest" time="0.177">
    <error type="java.lang.NullPointerException:"><![CDATA[java.lang.NullPointerException: null
	at com.topekalabs.pg4j.parse.PGTypeParamsH.validate(PGTypeParamsH.java:38)
	at com.topekalabs.pg4j.parse.PGTypeParamsH.<init>(PGTypeParamsH.java:27)
	at com.topekalabs.pg4j.parse.ValidationVisitor.parseTypeParams(ValidationVisitor.java:211)
	at com.topekalabs.pg4j.parse.ValidationVisitor.parseTypeParamss(ValidationVisitor.java:161)
	at com.topekalabs.pg4j.parse.ValidationVisitor.parsePGClass(ValidationVisitor.java:144)
	at com.topekalabs.pg4j.parse.ValidationVisitor.visit(ValidationVisitor.java:114)
	at japa.parser.ast.body.ClassOrInterfaceDeclaration.accept(ClassOrInterfaceDeclaration.java:84)
	at japa.parser.ast.visitor.VoidVisitorAdapter.visit(VoidVisitorAdapter.java:296)
	at com.topekalabs.pg4j.parse.ValidationVisitor.visit(ValidationVisitor.java:68)
	at com.topekalabs.pg4j.parse.ParseTemplate.generateTemplates(ParseTemplate.java:50)
	at ParseTemplateTest.simpleTest(ParseTemplateTest.java:28)
]]></error>
    <system-out><![CDATA[2015-03-01 19:03:00 DEBUG ParseTemplateTest:27 - com.topekalabs.pg4j.annotations.PGField
2015-03-01 19:03:01 DEBUG ValidationVisitor:282 - Type declaration PGType
2015-03-01 19:03:01 DEBUG ValidationVisitor:283 - Type declaration class japa.parser.ast.expr.NameExpr
]]></system-out>
  </testcase>
</testsuite>